Start: user:ismael bot:skywalker ip: rand:32 (~presentation) 0 ==> Great to be here too. My death was less enjoyable than manifesting my presence in PHP South West. I have to say however. The look on Kylo's face was worth it. What a loser.  When:Feb10'19-01:51:22 Why:~presentation.0.0=INTRO.~control.0.0  Version:9.0 Build0:Feb10'19-01:23:33 Build1:Feb10'19-01:42:16 0:Feb10'19-01:51:22 F:0 P:0
Start: user:ismael bot:skywalker ip: rand:32 (~presentation) 0 ==> I used the Force to hack your feeble brain, and made you code me a ChatScript bot. Placing me in a bucket with my face stuck on was all you. Not amusing.  When:Feb10'19-01:52:05 Why:~presentation.0.1  Version:9.0 Build0:Feb10'19-01:23:33 Build1:Feb10'19-01:42:16 0:Feb10'19-01:51:22 F:0 P:0
Respond: user:ismael bot:skywalker ip:127.0.0.1 (~presentation) 1  hello ==> I'm getting out of the movie racket - did you see my last movie title? The chatbot market is worth 250 million dollars now and is growing at a rate of 31% per year. It will be worth 1.24 billion in 6 years' time.  When:Feb10'19-01:53:37 Why:~presentation.0.3   F:4 
Respond: user:ismael bot:skywalker ip:127.0.0.1 (~presentation) 2  I&#39;m hoping this restores the sound ==> In it to win it.  When:Feb10'19-01:54:22 Why:~presentation.0.4   F:17 
Command: :reset
Start: user:ismael bot:skywalker ip:127.0.0.1 rand:32 (~presentation) 0 ==> Great to be here too. My death was less enjoyable than manifesting my presence in PHP South West. I have to say however. The look on Kylo's face was worth it. What a loser.  When:Feb10'19-01:54:32 Why:~presentation.0.0=INTRO.~control.0.0  Version:9.0 Build0:Feb10'19-01:23:33 Build1:Feb10'19-01:42:16 0:Feb10'19-01:51:22 F:0 P:Feb10'19-01:54:22
Respond: user:ismael bot:skywalker ip:127.0.0.1 (~presentation) 1  hello ==> I used the Force to hack your feeble brain, and made you code me a ChatScript bot. Placing me in a bucket with my face stuck on was all you. Not amusing.  When:Feb10'19-01:54:53 Why:~presentation.0.1   F:2 
Start: user:ismael bot:skywalker ip:127.0.0.1 rand:33 (~presentation) 1 ==> I'm getting out of the movie racket - did you see my last movie title? The chatbot market is worth 250 million dollars now and is growing at a rate of 31% per year. It will be worth 1.24 billion in 6 years' time.  When:Feb10'19-01:55:24 Why:~presentation.0.3  Version:9.0 Build0:Feb10'19-01:23:33 Build1:Feb10'19-01:42:16 0:Feb10'19-01:51:22 F:0 P:Feb10'19-01:54:53
Start: user:ismael bot:skywalker ip:127.0.0.1 rand:33 (~presentation) 1 ==> In it to win it.  When:Feb10'19-01:55:29 Why:~presentation.0.4  Version:9.0 Build0:Feb10'19-01:23:33 Build1:Feb10'19-01:42:16 0:Feb10'19-01:51:22 F:0 P:Feb10'19-01:54:53
Respond: user:ismael bot:skywalker ip:127.0.0.1 (~presentation) 2  recouping it makes sound ==> I'm not sure whether to ask a question or simply read your mind  When:Feb10'19-01:55:55 Why:~control.7.0   F:20 
Respond: user:ismael bot:skywalker ip:127.0.0.1 (~presentation) 3  sounding ==> I'm not sure whether to ask a question or simply read your mind  When:Feb10'19-01:56:30 Why:~control.7.0   F:5 
Respond: user:ismael bot:skywalker ip:127.0.0.1 (~presentation) 4  no ==> OK. So we disagree.  When:Feb10'19-01:58:14 Why:~honest_response.1.0.~quibble_all.12.0   F:2 
Respond: user:ismael bot:skywalker ip:127.0.0.1 (~presentation) 5  sting testing ==> I'm not sure whether to ask a question or simply read your mind  When:Feb10'19-01:59:41 Why:~control.7.0   F:8 
Respond: user:ismael bot:skywalker ip:127.0.0.1 (~presentation) 6  testing ==> I'm not sure whether to ask a question or simply read your mind  When:Feb10'19-01:59:46 Why:~control.7.0   F:6 
Respond: user:ismael bot:skywalker ip:127.0.0.1 (~presentation) 7  Peacemaker sound ==> I'm not sure whether to ask a question or simply read your mind  When:Feb10'19-02:01:08 Why:~control.7.0   F:10 
Command: :build luke
Command: :reset
Start: user:ismael bot:skywalker ip:127.0.0.1 rand:32 (~presentation) 0 ==> Great to be here too. My death was less enjoyable than manifesting my presence in PHP South West. I have to say however. The look on Kylo's face was worth it. What a loser.  When:Feb10'19-02:03:03 Why:~presentation.0.0=INTRO.~control.0.0  Version:9.0 Build0:Feb10'19-01:23:33 Build1:Feb10'19-01:42:16 0:Feb10'19-01:51:22 F:0 P:Feb10'19-02:01:08
Command: :reset
Start: user:ismael bot:skywalker ip:127.0.0.1 rand:32 (~presentation) 0 ==> Great to be here too. My death was less enjoyable than manifesting my presence in PHP South West. I have to say however. The look on Kylo's face was worth it. What a loser.  When:Feb10'19-02:03:21 Why:~presentation.0.0=INTRO.~control.0.0  Version:9.0 Build0:Feb10'19-01:23:33 Build1:Feb10'19-01:42:16 0:Feb10'19-01:51:22 F:0 P:Feb10'19-02:01:08
Respond: user:ismael bot:skywalker ip:127.0.0.1 (~presentation) 1  hello my name is she&#39;s my head ==> I used the Force to hack your feeble brain, and made you code me a ChatScript bot. Placing me in a bucket with my face stuck on was all you. Not amusing.  When:Feb10'19-02:04:10 Why:~presentation.0.1   F:37 
Respond: user:ismael bot:skywalker ip:127.0.0.1 (~presentation) 2  hello ==> I'm getting out of the movie racket - did you see my last movie title? The chatbot market is worth 250 million dollars now and is growing at a rate of 31% per year. It will be worth 1.24 billion in 6 years' time.  When:Feb10'19-02:06:15 Why:~presentation.0.3   F:2 
Command: :reset
Start: user:ismael bot:skywalker ip:127.0.0.1 rand:32 (~presentation) 0 ==> Great to be here too. My death was less enjoyable than manifesting my presence in PHP South West. I have to say however. The look on Kylo's face was worth it. What a loser.  When:Feb10'19-02:06:29 Why:~presentation.0.0=INTRO.~control.0.0  Version:9.0 Build0:Feb10'19-01:23:33 Build1:Feb10'19-01:42:16 0:Feb10'19-01:51:22 F:0 P:Feb10'19-02:06:15
Respond: user:ismael bot:skywalker ip:127.0.0.1 (~presentation) 1  hello this is Luke Skywalker ==> I used the Force to hack your feeble brain, and made you code me a ChatScript bot. Placing me in a bucket with my face stuck on was all you. Not amusing.  When:Feb10'19-02:07:19 Why:~presentation.0.1   F:6 
Respond: user:ismael bot:skywalker ip:127.0.0.1 (~presentation) 2  testing the sound and hoping it works ==> I'm getting out of the movie racket - did you see my last movie title? The chatbot market is worth 250 million dollars now and is growing at a rate of 31% per year. It will be worth 1.24 billion in 6 years' time.  When:Feb10'19-02:11:25 Why:~presentation.0.3   F:19 
Respond: user:ismael bot:skywalker ip:127.0.0.1 (~presentation) 3  then again ==> In it to win it.  When:Feb10'19-02:12:26 Why:~presentation.0.4   F:2 
Respond: user:ismael bot:skywalker ip:127.0.0.1 (~presentation) 4  home again ==> OK.  When:Feb10'19-02:12:52 Why:~honest_response.45.0=GRUNT.~quibble_all.12.0   F:6 
Respond: user:ismael bot:skywalker ip:127.0.0.1 (~presentation) 5  trying this again ==> I'm not sure whether to ask a question or simply read your mind  When:Feb10'19-02:15:05 Why:~control.7.0   F:5 
Respond: user:ismael bot:skywalker ip:127.0.0.1 (~presentation) 6  remind it again ==> I'm not sure whether to ask a question or simply read your mind  When:Feb10'19-02:18:44 Why:~control.7.0   F:5 
Respond: user:ismael bot:skywalker ip:127.0.0.1 (~presentation) 7  then ==> I'm not sure whether to ask a question or simply read your mind  When:Feb10'19-02:20:26 Why:~control.7.0   F:2 
Command: :reset
Start: user:ismael bot:skywalker ip:127.0.0.1 rand:32 (~presentation) 0 ==> Great to be here too. My death was less enjoyable than manifesting my presence in PHP South West. I have to say however. The look on Kylo's face was worth it. What a loser.  When:Feb10'19-02:21:10 Why:~presentation.0.0=INTRO.~control.0.0  Version:9.0 Build0:Feb10'19-01:23:33 Build1:Feb10'19-01:42:16 0:Feb10'19-01:51:22 F:0 P:Feb10'19-02:20:26
Respond: user:ismael bot:skywalker ip:127.0.0.1 (~presentation) 1  I would like to introduce Luke Skywalker ==> I used the Force to hack your feeble brain, and made you code me a ChatScript bot. Placing me in a bucket with my face stuck on was all you. Not amusing.  When:Feb10'19-02:22:48 Why:~presentation.0.1   F:9 
Command: :reset
Start: user:ismael bot:skywalker ip:127.0.0.1 rand:32 (~presentation) 0 ==> Great to be here too. My death was less enjoyable than manifesting my presence in PHP South West. I have to say however. The look on Kylo's face was worth it. What a loser.  When:Feb10'19-02:23:04 Why:~presentation.0.0=INTRO.~control.0.0  Version:9.0 Build0:Feb10'19-01:23:33 Build1:Feb10'19-01:42:16 0:Feb10'19-01:51:22 F:0 P:Feb10'19-02:22:48
Respond: user:ismael bot:skywalker ip:127.0.0.1 (~presentation) 1  I&#39;m a bit confused by The Voice ==> I used the Force to hack your feeble brain, and made you code me a ChatScript bot. Placing me in a bucket with my face stuck on was all you. Not amusing.  When:Feb10'19-02:24:14 Why:~presentation.0.1   F:17 
Respond: user:ismael bot:skywalker ip:127.0.0.1 (~presentation) 2  why did you, such at what you could have hacked George lucas&#39;s brain and put you in his next movie ==> I'm getting out of the movie racket - did you see my last movie title? The chatbot market is worth 250 million dollars now and is growing at a rate of 31% per year. It will be worth 1.24 billion in 6 years' time.  When:Feb10'19-02:25:14 Why:~presentation.0.3   F:39 
Respond: user:ismael bot:skywalker ip:127.0.0.1 (~presentation) 3  an issue with the sound ==> In it to win it.  When:Feb10'19-02:25:55 Why:~presentation.0.4   F:18 
Respond: user:ismael bot:skywalker ip:127.0.0.1 (~presentation) 4  get this to work ==> OK.  When:Feb10'19-02:26:48 Why:~honest_response.45.0=GRUNT.~quibble_all.12.0   F:16 
Respond: user:ismael bot:skywalker ip:127.0.0.1 (~presentation) 5  I cannot get ==> I'm not sure whether to ask a question or simply read your mind  When:Feb10'19-02:26:57 Why:~control.7.0   F:23 
Respond: user:ismael bot:skywalker ip:127.0.0.1 (~presentation) 6  I want to know what&#39;s going on ==> I'm not sure whether to ask a question or simply read your mind  When:Feb10'19-02:28:12 Why:~control.7.0   F:32 
Respond: user:ismael bot:skywalker ip:127.0.0.1 (~presentation) 7  it looks like all the boys have changed ==> I'm not sure whether to ask a question or simply read your mind  When:Feb10'19-02:28:37 Why:~control.7.0   F:29 
Respond: user:ismael bot:skywalker ip:127.0.0.1 (~presentation) 8  and now ==> Cool.  When:Feb10'19-02:28:59 Why:~honest_response.45.0=GRUNT.~quibble_all.12.0   F:4 
Respond: user:ismael bot:skywalker ip:127.0.0.1 (~presentation) 9  what is the weather like in Bristol ==> The Force says  When:Feb10'19-02:29:18 Why:~keywordless.5.0.~control.7.0   F:336 
Respond: user:ismael bot:skywalker ip:127.0.0.1 (~presentation) 10  is the weather like in Newport ==> I forget.  When:Feb10'19-02:29:42 Why:~honest_response.33.0.~quibble_all.12.0   F:46 
Respond: user:ismael bot:skywalker ip:127.0.0.1 (~presentation) 11  what is the weather like in ==> I'm not privy to that information.  When:Feb10'19-02:29:59 Why:~quibble_what.99.0.~quibble_all.2.0   F:254 
Start: user:ismael bot:skywalker ip: rand:45 (~presentation) 11 ==> I'm not sure whether to ask a question or simply read your mind  When:Feb10'19-02:51:13 Why:~control.7.0  Version:9.0 Build0:Feb10'19-01:23:33 Build1:Feb10'19-01:42:16 0:Feb10'19-01:51:22 F:0 P:Feb10'19-02:29:59
Command: :reset
Start: user:ismael bot:skywalker ip: rand:32 (~presentation) 0 ==> Great to be here too. My death was less enjoyable than manifesting my presence in PHP South West. I have to say however. The look on Kylo's face was worth it. What a loser.  When:Feb10'19-02:51:21 Why:~presentation.0.0=INTRO.~control.0.0  Version:9.0 Build0:Feb10'19-01:23:33 Build1:Feb10'19-01:42:16 0:Feb10'19-01:51:22 F:0 P:Feb10'19-02:29:59
Command: :build Luke
Start: user:ismael bot:skywalker ip: rand:32 (~presentation) 0 ==> I used the Force to hack your feeble brain, and made you code me a ChatScript bot. Placing me in a bucket with my face stuck on was all you. Not amusing.  When:Feb10'19-02:51:44 Why:~presentation.0.1  Version:9.0 Build0:Feb10'19-01:23:33 Build1:Feb10'19-01:42:16 0:Feb10'19-01:51:22 F:0 P:Feb10'19-02:29:59
Command: :reset
Start: user:ismael bot:skywalker ip: rand:32 (~presentation) 0 ==> Great to be here too. My death was less enjoyable than manifesting my presence in PHP South West. I have to say however. The look on Kylo's face was worth it. What a loser.  When:Feb10'19-02:51:47 Why:~presentation.0.0=INTRO.~control.0.0  Version:9.0 Build0:Feb10'19-01:23:33 Build1:Feb10'19-01:42:16 0:Feb10'19-01:51:22 F:0 P:Feb10'19-02:29:59
Command: :build Skywalker
Command: :build Skywalker
Start: user:ismael bot:skywalker ip: rand:32 (~presentation) 0 ==> Delighted to be here. My physical death was less enjoyable than manifesting my presence in PHP South West.  When:Feb10'19-02:54:08 Why:~presentation.1.0=INTRO.~control.7.0  Version:9.0 Build0:Feb10'19-01:23:33 Build1:Feb10'19-02:53:56 0:Feb10'19-01:51:22 F:0 P:Feb10'19-02:29:59
Command: :reset
Start: user:ismael bot:skywalker ip: rand:32 (~presentation) 0 ==> Delighted to be here. My physical death was less enjoyable than manifesting my presence in PHP South West.  When:Feb10'19-02:54:12 Why:~presentation.1.0=INTRO.~control.7.0  Version:9.0 Build0:Feb10'19-01:23:33 Build1:Feb10'19-02:53:56 0:Feb10'19-01:51:22 F:0 P:Feb10'19-02:29:59
Command: :build Skywalker
Start: user:ismael bot:skywalker ip: rand:32 (~presentation) 0 ==> Hello  When:Feb10'19-02:54:39 Why:~presentation.0.0.~control.0.0  Version:9.0 Build0:Feb10'19-01:23:33 Build1:Feb10'19-02:54:27 0:Feb10'19-01:51:22 F:0 P:Feb10'19-02:29:59
Respond: user:ismael bot:skywalker ip:127.0.0.1 (~presentation) 1  the great pleasure of presenting to you Luke Skywalker who will present with me ==> I'm not sure whether to ask a question or simply read your mind  When:Feb10'19-02:55:36 Why:~control.7.0   F:33 
Command: :reset
Start: user:ismael bot:skywalker ip:127.0.0.1 rand:32 (~presentation) 0 ==> Hello  When:Feb10'19-02:55:49 Why:~presentation.0.0.~control.0.0  Version:9.0 Build0:Feb10'19-01:23:33 Build1:Feb10'19-02:54:27 0:Feb10'19-01:51:22 F:0 P:Feb10'19-02:55:36
Respond: user:ismael bot:skywalker ip:127.0.0.1 (~presentation) 1  Central to you Luke Skywalker ==> Delighted to be here. My physical death was less enjoyable than manifesting my presence in PHP South West.  When:Feb10'19-02:56:02 Why:~presentation.1.0=INTRO.~control.7.0   F:9 
Respond: user:ismael bot:skywalker ip:127.0.0.1 (~presentation) 2  are you even here ==> I used the Force to hack your feeble brain, and made you code me a ChatScript bot. The Force is weak with this one.  When:Feb10'19-02:56:17 Why:~presentation.1.1   F:18 
Respond: user:ismael bot:skywalker ip:127.0.0.1 (~presentation) 3  why did you choose a chat script but I said wearing ==> I'm getting out of the movie racket. Movies are so 2017. The chatbot market however is worth 250 million dollars now and is growing at a rate of 31% per year.  When:Feb10'19-02:56:33 Why:~presentation.1.3   F:23 
Respond: user:ismael bot:skywalker ip:127.0.0.1 (~presentation) 4  so you&#39;re getting in early AC ==> The Force assures me that the chatbot market will be worth 1.24 billion in 6 years' time. In it to win it.  When:Feb10'19-02:56:51 Why:~presentation.1.4   F:31 
Respond: user:ismael bot:skywalker ip:127.0.0.1 (~presentation) 5  kind of arm tablets are there ==> I'm not sure whether to ask a question or simply read your mind  When:Feb10'19-02:57:23 Why:~control.7.0   F:29 
Respond: user:ismael bot:skywalker ip:127.0.0.1 (~presentation) 6  kind of boats ==> I'm not sure whether to ask a question or simply read your mind  When:Feb10'19-02:57:36 Why:~control.7.0   F:14 
Respond: user:ismael bot:skywalker ip:127.0.0.1 (~presentation) 7  what kind of boats are there ==> Two kinds really. Some are based on Machine Learning, while 85% of chatbots today use Rule Based natural language processing.  When:Feb10'19-02:57:50 Why:~presentation.2.0=CHATBOTS.~control.7.0   F:23 
Respond: user:ismael bot:skywalker ip:127.0.0.1 (~presentation) 8  so many fruit processing herself you are machine learning then ==> MACHINE LEARNING Frankly, because Machine Learning is not good enough in most cases, and is harder to control, debug, and predict. Of course some people use Machine Learning to help them refine their rule based bots.  When:Feb10'19-02:58:11 Why:~presentation.2.1   F:34 
Respond: user:ismael bot:skywalker ip:127.0.0.1 (~presentation) 9  that mean that the singularity is coming ==> I am the Singularity.  When:Feb10'19-02:58:42 Why:~presentation.2.2   F:21 
Respond: user:ismael bot:skywalker ip:127.0.0.1 (~presentation) 10  how to rule based boats work ==> You codify the dynamics of human dialogue. You can then detect and categorise sentences and words. You finally script bot behaviour based on those rules.  When:Feb10'19-02:58:59 Why:~presentation.2.3=RULE_BASED   F:16 
Respond: user:ismael bot:skywalker ip:127.0.0.1 (~presentation) 11  why did you hypnotize me to use chat script through arm to hack into my brain and come into this world ==> Chatscript it's the gold standard in rule based NLP. It's won the Loebner prize 3 times, which means the bot tricked several humans into thinking it was human too. Those minds would be easier to hack than even yours.  When:Feb10'19-02:59:31 Why:~presentation.2.4=CHATSCRIPT   F:86 
Respond: user:ismael bot:skywalker ip:127.0.0.1 (~presentation) 12  yeah ==> Why don't you show them? Yoda's on the other line in any case. Multiple realities can get busy.  When:Feb10'19-03:00:07 Why:~presentation.2.5=DEMO_START   F:2 
Respond: user:ismael bot:skywalker ip:127.0.0.1 (~presentation) 13  it would be a good time to show these people have ==> I'm not sure whether to ask a question or simply read your mind  When:Feb10'19-03:00:15 Why:~control.7.0   F:61 
Respond: user:ismael bot:skywalker ip:127.0.0.1 (~presentation) 14  this would be a good time ==> I'm not sure whether to ask a question or simply read your mind  When:Feb10'19-03:00:23 Why:~control.7.0   F:20 
Respond: user:ismael bot:skywalker ip:127.0.0.1 (~presentation) 15  maybe this would be a good time ==> I'm not sure whether to ask a question or simply read your mind  When:Feb10'19-03:00:28 Why:~control.7.0   F:35 
Respond: user:ismael bot:skywalker ip:127.0.0.1 (~presentation) 16  it would be a good time to show P ==> OK.  When:Feb10'19-03:01:02 Why:~honest_response.45.0=GRUNT.~honest_response.34.0   F:53 
Command: :reset
Start: user:ismael bot:skywalker ip:127.0.0.1 rand:32 (~presentation) 0 ==> Hello  When:Feb10'19-03:05:50 Why:~presentation.0.0.~control.0.0  Version:9.0 Build0:Feb10'19-01:23:33 Build1:Feb10'19-02:54:27 0:Feb10'19-01:51:22 F:1549767628-20.7.0 P:Feb10'19-03:01:02
Respond: user:ismael bot:skywalker ip:127.0.0.1 (~presentation) 1  jobyco presenting with me ==> Delighted to be here. My physical death was less enjoyable than manifesting my presence in PHP South West.  When:Feb10'19-03:06:14 Why:~presentation.1.0=INTRO.~control.7.0   F:176 
Respond: user:ismael bot:skywalker ip:127.0.0.1 (~presentation) 2  so how are you even here ==> I used the Force to hack your feeble brain, and made you code me a ChatScript bot. The Force is weak with this one.  When:Feb10'19-03:06:27 Why:~presentation.1.1   F:8 
Respond: user:ismael bot:skywalker ip:127.0.0.1 (~presentation) 3  YouTube put you in the next Star Wars movie ==> George's brain is cleverer than yours. Also movies are so 2017. The chatbot market is worth 250 million dollars now and is growing at a rate of 31% per year. It will be worth 1.24 billion in 6 years' time.  When:Feb10'19-03:06:51 Why:~presentation.1.2   F:15 
Command: :reset
Start: user:ismael bot:skywalker ip:127.0.0.1 rand:32 (~presentation) 0 ==> Hello  When:Feb10'19-03:09:03 Why:~presentation.0.0.~control.0.0  Version:9.0 Build0:Feb10'19-01:23:33 Build1:Feb10'19-02:54:27 0:Feb10'19-01:51:22 F:1549767628-20.7.0 P:Feb10'19-03:06:51
Respond: user:ismael bot:skywalker ip:127.0.0.1 (~presentation) 1  I&#39;m so it&#39;s a pleasure to be here ==> Delighted to be here. My physical death was less enjoyable than manifesting my presence in PHP South West.  When:Feb10'19-03:09:49 Why:~presentation.1.0=INTRO.~control.7.0   F:24 
Respond: user:ismael bot:skywalker ip:127.0.0.1 (~presentation) 2  why you even seen her though ==> I used the Force to hack your feeble brain, and made you code me a ChatScript bot. The Force is weak with this one.  When:Feb10'19-03:10:06 Why:~presentation.1.1   F:14 
Respond: user:ismael bot:skywalker ip:127.0.0.1 (~presentation) 3  lucas&#39; braids to put in the next Star Wars ==> George's brain is cleverer than yours. Also movies are so 2017. The chatbot market is worth 250 million dollars now and is growing at a rate of 31% per year. It will be worth 1.24 billion in 6 years' time.  When:Feb10'19-03:10:27 Why:~presentation.1.2   F:32 
Respond: user:ismael bot:skywalker ip:127.0.0.1 (~presentation) 4  so you&#39;re getting in early ==> OK.  When:Feb10'19-03:10:47 Why:~honest_response.45.0=GRUNT.~quibble_all.12.0   F:18 
Respond: user:ismael bot:skywalker ip:127.0.0.1 (~presentation) 5  Luke Skywalker from Star Wars in South has come so thank you Luke ==> I'm also delighted to be here. My physical death was less enjoyable than manifesting my presence in PHP South West.  When:Feb10'19-03:23:37 Why:~presentation.1.0=INTRO.~control.7.0   F:36 
Respond: user:ismael bot:skywalker ip:127.0.0.1 (~presentation) 6  are you even see you now ==> Two kinds really. Some are based on Machine Learning, while 85% of chatbots today use Rule Based natural language processing.  When:Feb10'19-03:23:55 Why:~presentation.2.0=CHATBOTS.~control.7.0   F:14 
Respond: user:ismael bot:skywalker ip:127.0.0.1 (~presentation) 7  Skywalker from Star Wars ==> I'm not sure whether to ask a question or simply read your mind  When:Feb10'19-03:25:34 Why:~control.7.0   F:6 
Respond: user:ismael bot:skywalker ip:127.0.0.1 (~presentation) 8  to join us today ==> Cool.  When:Feb10'19-03:30:08 Why:~honest_response.45.0=GRUNT.~quibble_all.12.0   F:25 
Respond: user:ismael bot:skywalker ip:127.0.0.1 (~presentation) 9  hello ==> I'm not sure whether to ask a question or simply read your mind  When:Feb10'19-03:30:17 Why:~control.7.0   F:2 
Command: :reset
Start: user:ismael bot:skywalker ip:127.0.0.1 rand:32 (~presentation) 0 ==> Hello  When:Feb10'19-03:30:25 Why:~presentation.0.0.~control.0.0  Version:9.0 Build0:Feb10'19-01:23:33 Build1:Feb10'19-03:28:12 0:Feb10'19-01:51:22 F:1549767628-20.7.0 P:Feb10'19-03:30:17
Respond: user:ismael bot:skywalker ip:127.0.0.1 (~presentation) 1  who is ==> I'm also delighted to be here. My physical death was less enjoyable than manifesting my presence in PHP South West.  When:Feb10'19-03:30:34 Why:~presentation.1.0=INTRO.~control.7.0   F:5 
Respond: user:ismael bot:skywalker ip:127.0.0.1 (~presentation) 2  yeah how have you managed to stay today with us ==> I used the Force to hack your feeble brain, and made you code me a ChatScript bot. The Force is weak with this one.  When:Feb10'19-03:30:53 Why:~presentation.1.1   F:14 
Respond: user:ismael bot:skywalker ip:127.0.0.1 (~presentation) 3  Lucas to put your back in his movies ==> George's brain is cleverer than yours. Plus the chatbot market is worth 250 million dollars now and is growing at a rate of 31% per year.  When:Feb10'19-03:31:14 Why:~presentation.1.2   F:29 
Respond: user:ismael bot:skywalker ip:127.0.0.1 (~presentation) 4  so you&#39;re getting in early are you ==> OK.  When:Feb10'19-03:31:31 Why:~honest_response.45.0=GRUNT.~quibble_all.12.0   F:30 
Respond: user:ismael bot:skywalker ip:127.0.0.1 (~presentation) 5  so you&#39;re getting in early are you ==> I'm not sure whether to ask a question or simply read your mind  When:Feb10'19-03:31:38 Why:~control.7.0   F:14 
Respond: user:ismael bot:skywalker ip:127.0.0.1 (~presentation) 6  Luke Skywalker cut presenting with me ==> Two kinds really. Some are based on Machine Learning, while 85% of chatbots today use Rule Based natural language processing.  When:Feb10'19-03:34:41 Why:~presentation.2.0=CHATBOTS.~control.7.0   F:27 
Respond: user:ismael bot:skywalker ip:127.0.0.1 (~chatbots) 7  Skywalker has joined us today ==> There are two kinds of conversational agents. Some are based on Machine Learning, while 85% of chatbots today use Rule Based natural language processing.  When:Feb10'19-03:49:38 Why:~chatbots.0.0=CHATBOTS.~control.7.0   F:22 
Command: :reset
Start: user:ismael bot:skywalker ip:127.0.0.1 rand:32 (~presentation) 0 ==> Hello  When:Feb10'19-03:49:50 Why:~presentation.0.0.~control.0.0  Version:9.0 Build0:Feb10'19-01:23:33 Build1:Feb10'19-03:48:59 0:Feb10'19-01:51:22 F:1549767628-20.7.0 P:Feb10'19-03:49:38
Respond: user:ismael bot:skywalker ip:127.0.0.1 (~chatbots) 1  with Luke Skywalker is a great honour to be here ==> There are two kinds of conversational agents. Some are based on Machine Learning, while 85% of chatbots today use Rule Based natural language processing.  When:Feb10'19-03:50:00 Why:~chatbots.0.0=CHATBOTS.~control.7.0   F:23 
Command: :reset
Start: user:ismael bot:skywalker ip:127.0.0.1 rand:32 (~presentation) 0 ==> Hello  When:Feb10'19-03:50:22 Why:~presentation.0.0.~control.0.0  Version:9.0 Build0:Feb10'19-01:23:33 Build1:Feb10'19-03:48:59 0:Feb10'19-01:51:22 F:1549767628-20.7.0 P:Feb10'19-03:50:00
Respond: user:ismael bot:skywalker ip:127.0.0.1 (~chatbots) 1  hello ==> There are two kinds of conversational agents. Some are based on Machine Learning, while 85% of chatbots today use Rule Based natural language processing.  When:Feb10'19-03:50:26 Why:~chatbots.0.0=CHATBOTS.~control.7.0   F:4 
Command: :reset
Start: user:ismael bot:skywalker ip:127.0.0.1 rand:32 (~presentation) 0 ==> Hello  When:Feb10'19-03:50:39 Why:~presentation.0.0.~control.0.0  Version:9.0 Build0:Feb10'19-01:23:33 Build1:Feb10'19-03:48:59 0:Feb10'19-01:51:22 F:1549767628-20.7.0 P:Feb10'19-03:50:26
Respond: user:ismael bot:skywalker ip:127.0.0.1 (~chatbots) 1  I am delighted to have him here ==> There are two kinds of conversational agents. Some are based on Machine Learning, while 85% of chatbots today use Rule Based natural language processing.  When:Feb10'19-03:51:06 Why:~chatbots.0.0=CHATBOTS.~control.7.0   F:13 
Command: :build Skywalker
Respond: user:ismael bot:skywalker ip:127.0.0.1 (~chatbots) 2  have Luke Skywalker join us thank you ==> Frankly, because Machine Learning is not good enough in most cases. It gets more things wrong. It is harder to control, debug, and predict. Best to use Machine Learning to refine your rule based bots.  When:Feb10'19-03:52:40 Why:~chatbots.0.1=MACHINE_LEARNING   F:15 
Command: :reset
Start: user:ismael bot:skywalker ip:127.0.0.1 rand:32 (~presentation) 0 ==> Hello  When:Feb10'19-03:52:46 Why:~presentation.0.0.~control.0.0  Version:9.0 Build0:Feb10'19-01:23:33 Build1:Feb10'19-03:51:49 0:Feb10'19-01:51:22 F:1549767628-20.7.0 P:Feb10'19-03:52:40
Respond: user:ismael bot:skywalker ip:127.0.0.1 (~chatbots) 1  Leona do have looks like water during it today ==> There are two kinds of conversational agents. Some are based on Machine Learning, while 85% of chatbots today use Rule Based natural language processing.  When:Feb10'19-03:53:04 Why:~chatbots.0.0=CHATBOTS.~control.7.0   F:32 
Respond: user:ismael bot:skywalker ip:127.0.0.1 (~chatbots) 2  wife Luke Skywalker welcome you ==> Frankly, because Machine Learning is not good enough in most cases. It gets more things wrong. It is harder to control, debug, and predict. Best to use Machine Learning to refine your rule based bots.  When:Feb10'19-04:10:48 Why:~chatbots.0.1=MACHINE_LEARNING   F:24 
Command: :reset
Start: user:ismael bot:skywalker ip:127.0.0.1 rand:32 (~presentation) 0 ==> Hello  When:Feb10'19-04:10:56 Why:~presentation.0.0.~control.7.0  Version:9.0 Build0:Feb10'19-01:23:33 Build1:Feb10'19-04:04:48 0:Feb10'19-01:51:22 F:1549767628-20.7.0 P:Feb10'19-04:10:48
Respond: user:ismael bot:skywalker ip:127.0.0.1 (~presentation) 1  Walker thank you Luke welcome ==> I'm also delighted to be here. My physical death was less enjoyable than manifesting my presence in PHP South West.  When:Feb10'19-04:11:24 Why:~presentation.1.0=INTRO.~control.7.0   F:18 
Respond: user:ismael bot:skywalker ip:127.0.0.1 (~presentation) 2  are you even here ==> I used the Force to hack your feeble brain, then I made you code me a ChatScript bot. The Force is weak with this one.  When:Feb10'19-04:11:43 Why:~presentation.1.1   F:7 
Respond: user:ismael bot:skywalker ip:127.0.0.1 (~presentation) 3  you are on his new movies with George ==> George's brain is cleverer than yours. Plus the chatbot market is worth 250 million dollars now and is growing at a rate of 31% per year.  When:Feb10'19-04:12:08 Why:~presentation.1.2   F:14 
Respond: user:ismael bot:skywalker ip:127.0.0.1 (~chatbots) 4  you getting in early then are you ==> There are two kinds of conversational agents. Some are based on Machine Learning, while 85% of chatbots today use Rule Based natural language processing.  When:Feb10'19-04:12:24 Why:~chatbots.0.0=CHATBOTS.~control.7.0   F:13 
Respond: user:ismael bot:skywalker ip:127.0.0.1 (~chatbots) 5  Sky walker joiner 2% ==> Frankly, because Machine Learning is not good enough in most cases. It gets more things wrong. It is harder to control, debug, and predict. Best to use Machine Learning to refine your rule based bots.  When:Feb10'19-04:15:07 Why:~chatbots.0.1=MACHINE_LEARNING   F:9 
Command: :reset
Start: user:ismael bot:skywalker ip:127.0.0.1 rand:32 (~presentation) 0 ==> Hello  When:Feb10'19-04:15:17 Why:~presentation.0.0.~control.7.0  Version:9.0 Build0:Feb10'19-01:23:33 Build1:Feb10'19-04:14:20 0:Feb10'19-01:51:22 F:1549767628-20.7.0 P:Feb10'19-04:15:07
Respond: user:ismael bot:skywalker ip:127.0.0.1 (~presentation) 1  thank you Luke Skywalker ==> I'm also delighted to be here. My physical death was less enjoyable than manifesting my presence in PHP South West.  When:Feb10'19-04:15:37 Why:~presentation.1.0=INTRO.~control.7.0   F:2 
Respond: user:ismael bot:skywalker ip:127.0.0.1 (~presentation) 2  are you even here ==> I used the Force to hack your feeble brain. Then I made you code me a ChatScript bot. The Force is weak with this one.  When:Feb10'19-04:15:55 Why:~presentation.1.1   F:6 
Respond: user:ismael bot:skywalker ip:127.0.0.1 (~presentation) 3  who&#39;s lucas&#39; brain and put you he could have put you in a Star Wars movie ==> George's brain is cleverer than yours. Plus the chatbot market is worth 250 million dollars now and is growing at a rate of 31% per year.  When:Feb10'19-04:16:16 Why:~presentation.1.2   F:25 
Respond: user:ismael bot:skywalker ip:127.0.0.1 (~chatbots) 4  getting in early AC ==> There are two kinds of conversational agents. Some are based on Machine Learning, while 85% of chatbots today use Rule Based natural language processing.  When:Feb10'19-04:16:32 Why:~chatbots.0.0=CHATBOTS.~control.7.0   F:12 
Command: :reset
Start: user:ismael bot:skywalker ip:127.0.0.1 rand:32 (~presentation) 0 ==> Hello  When:Feb10'19-04:16:53 Why:~presentation.0.0.~control.7.0  Version:9.0 Build0:Feb10'19-01:23:33 Build1:Feb10'19-04:14:20 0:Feb10'19-01:51:22 F:1549767628-20.7.0 P:Feb10'19-04:16:32
Respond: user:ismael bot:skywalker ip:127.0.0.1 (~presentation) 1  hi I&#39;m glad you here ==> I'm also delighted to be here. My physical death was less enjoyable than manifesting my presence in PHP South West.  When:Feb10'19-04:17:08 Why:~presentation.1.0=INTRO.~control.7.0   F:8 
Respond: user:ismael bot:skywalker ip:127.0.0.1 (~presentation) 2  and how are you even here ==> I used the Force to hack your feeble brain. Then I made you code me a ChatScript bot. The Force is weak with this one.  When:Feb10'19-04:17:21 Why:~presentation.1.1   F:6 
Respond: user:ismael bot:skywalker ip:127.0.0.1 (~presentation) 3  that&#39;s not very nice ==> I'm getting out of the movie racket. Movies are so 2017. The chatbot market however is worth 250 million dollars now and is growing at a rate of 31% per year.  When:Feb10'19-04:17:31 Why:~presentation.1.3   F:6 
Respond: user:ismael bot:skywalker ip:127.0.0.1 (~presentation) 4  you&#39;re getting in early AC ==> The Force assures me that the chatbot market will be worth 1.24 billion in 6 years' time. I'm in it to win it.  When:Feb10'19-04:17:49 Why:~presentation.1.4   F:13 
Respond: user:ismael bot:skywalker ip:127.0.0.1 (~chatbots) 5  what kind of chat bots are there then ==> There are two kinds of conversational agents. Some are based on Machine Learning, while 85% of chatbots today use Rule Based natural language processing.  When:Feb10'19-04:18:05 Why:~chatbots.0.0=CHATBOTS.~control.7.0   F:9 
Respond: user:ismael bot:skywalker ip:127.0.0.1 (~chatbots) 6  majority are rubies doughnut machine learning ==> Frankly, because Machine Learning is not good enough in most cases. It gets more things wrong. It is harder to control, debug, and predict. Best to use Machine Learning to refine your rule based bots.  When:Feb10'19-04:18:22 Why:~chatbots.0.1=MACHINE_LEARNING   F:19 
Respond: user:ismael bot:skywalker ip:127.0.0.1 (~chatbots) 7  Pompeii sports how how did they work ==> I am the Singularity.  When:Feb10'19-04:18:44 Why:~chatbots.0.2   F:13 
Respond: user:ismael bot:skywalker ip:127.0.0.1 (~chatbots) 8  eBay for parts work ==> You classify the dynamics of human dialogue into rules. You can then detect and categorise sentences and words. You finally script bot behaviour based on those rules.  When:Feb10'19-04:18:55 Why:~chatbots.0.3=RULE_BASED   F:13 
Respond: user:ismael bot:skywalker ip:127.0.0.1 (~chatbots) 9  where does chat script fit into all day ==> Chatscript it's the gold standard in rule based NLP. It's won the Loebner prize 3 times, which means the bot tricked several humans into thinking it was human too. Those minds would be easier to hack than even yours.  When:Feb10'19-04:19:17 Why:~chatbots.0.4=CHATSCRIPT   F:18 
Respond: user:ismael bot:skywalker ip:127.0.0.1 (~chatbots) 10  works right ==> Why don't you show them? Yoda's on the other line in any case. Multiple realities can get busy.  When:Feb10'19-04:19:44 Why:~chatbots.0.5=DEMO_START   F:6 
Respond: user:ismael bot:skywalker ip:127.0.0.1 (~chatbots) 11  Martin that&#39;s right ==> I'm not sure whether to ask a question or simply read your mind  When:Feb10'19-04:19:52 Why:~control.7.0   F:19 
Respond: user:ismael bot:skywalker ip:127.0.0.1 (~chatbots) 12  you are kidding me ==> No? How interesting.  When:Feb10'19-04:20:07 Why:~honest_response.1.0.~quibble_all.12.0   F:3 
Respond: user:ismael bot:skywalker ip:127.0.0.1 (~chatbots) 13  some testing this again ==> I'm not sure whether to ask a question or simply read your mind  When:Feb10'19-04:22:15 Why:~control.7.0   F:7 
Respond: user:ismael bot:skywalker ip:127.0.0.1 (~chatbots) 14  no limit ==> I'm not sure whether to ask a question or simply read your mind  When:Feb10'19-04:22:57 Why:~control.7.0   F:6 
Command: :reset
Start: user:ismael bot:skywalker ip:127.0.0.1 rand:32 (~presentation) 0 ==> Hello  When:Feb10'19-04:23:05 Why:~presentation.0.0.~control.7.0  Version:9.0 Build0:Feb10'19-01:23:33 Build1:Feb10'19-04:14:20 0:Feb10'19-01:51:22 F:1549767628-20.7.0 P:Feb10'19-04:22:57
Respond: user:ismael bot:skywalker ip:127.0.0.1 (~presentation) 1  hi I&#39;m hoping that you managed it is time ==> I'm also delighted to be here. My physical death was less enjoyable than manifesting my presence in PHP South West.  When:Feb10'19-04:23:13 Why:~presentation.1.0=INTRO.~control.7.0   F:22 
Respond: user:ismael bot:skywalker ip:127.0.0.1 (~presentation) 2  if I&#39;m here ==> I used the Force to hack your feeble brain. Then I made you code me a ChatScript bot. The Force is weak with this one.  When:Feb10'19-04:23:39 Why:~presentation.1.1   F:5 
Respond: user:ismael bot:skywalker ip:127.0.0.1 (~presentation) 3  that&#39;s not very nice anyway why not just go for George Lucas and hack him and get him to take you to the Star Wars movie ==> George's brain is cleverer than yours. Plus the chatbot market is worth 250 million dollars now and is growing at a rate of 31% per year.  When:Feb10'19-04:23:58 Why:~presentation.1.2   F:52 
Respond: user:ismael bot:skywalker ip:127.0.0.1 (~chatbots) 4  getting in early AC ==> There are two kinds of conversational agents. Some are based on Machine Learning, while 85% of chatbots today use Rule Based natural language processing.  When:Feb10'19-04:24:14 Why:~chatbots.0.0=CHATBOTS.~control.7.0   F:14 
Respond: user:ismael bot:skywalker ip:127.0.0.1 (~chatbots) 5  Maya the vast majority using rule-based instead of machine learning ==> Frankly, because Machine Learning is not good enough in most cases. It gets more things wrong. It is harder to control, debug, and predict. Best to use Machine Learning to refine your rule based bots.  When:Feb10'19-04:24:35 Why:~chatbots.0.1=MACHINE_LEARNING   F:35 
Respond: user:ismael bot:skywalker ip:127.0.0.1 (~chatbots) 6  Sonu danger of the singularity around the corner ==> I am the Singularity.  When:Feb10'19-04:24:57 Why:~chatbots.0.2   F:44 
Respond: user:ismael bot:skywalker ip:127.0.0.1 (~chatbots) 7  what how do you make bots work then ==> You classify the dynamics of human dialogue into rules. You can then detect and categorise sentences and words. You finally script bot behaviour based on those rules.  When:Feb10'19-04:25:10 Why:~chatbots.0.3=RULE_BASED   F:19 
Respond: user:ismael bot:skywalker ip:127.0.0.1 (~chatbots) 8  Mrs chat script coming to this ==> Chatscript it's the gold standard in rule based NLP. It's won the Loebner prize 3 times, which means the bot tricked several humans into thinking it was human too. Those minds would be easier to hack than even yours.  When:Feb10'19-04:25:27 Why:~chatbots.0.4=CHATSCRIPT   F:11 
Respond: user:ismael bot:skywalker ip:127.0.0.1 (~chatbots) 9  SIA ==> Why don't you show them? Yoda's on the other line in any case. Multiple realities can get busy.  When:Feb10'19-04:25:53 Why:~chatbots.0.5=DEMO_START   F:17 
Respond: user:ismael bot:skywalker ip:127.0.0.1 (~chatbots) 10  what is the weather in Newport ==> The current weather in Newport is moderate rain, which proves the Force is a nifty API.  When:Feb10'19-04:27:27 Why:~keywordless.1.0.~control.7.0   F:363 
Respond: user:ismael bot:skywalker ip:127.0.0.1 (~chatbots) 11  and who is Rob Allen ==> A Russian mafioso?  When:Feb10'19-04:27:53 Why:~quibble_who.53.0.~quibble_all.1.0   F:267 
Respond: user:ismael bot:skywalker ip:127.0.0.1 (~chatbots) 12  who is Lucy of Alaska ==> I don't know who Lucy is.  When:Feb10'19-04:28:04 Why:~quibble_who.2.0.~quibble_all.1.0   F:10 
Respond: user:ismael bot:skywalker ip:127.0.0.1 (~chatbots) 13  what is PHP southwest ==> The Force says  When:Feb10'19-04:28:15 Why:~keywordless.5.0.~control.7.0   F:238 
Respond: user:ismael bot:skywalker ip:127.0.0.1 (~chatbots) 14  who is Rob Allen ==> I'm not sure whether to ask a question or simply read your mind  When:Feb10'19-04:28:31 Why:~control.7.0   F:200 
Respond: user:ismael bot:skywalker ip:127.0.0.1 (~chatbots) 15  who is Rob Allen who works in PHP ==> I'm not sure whether to ask a question or simply read your mind  When:Feb10'19-04:28:44 Why:~control.7.0   F:25 
Respond: user:ismael bot:skywalker ip:127.0.0.1 (~chatbots) 16  what is Maiden Academy ==> I know lots of things but I'm not the fount of all knowledge.  When:Feb10'19-04:28:53 Why:~quibble_what.99.0.~quibble_all.2.0   F:215 
Respond: user:ismael bot:skywalker ip:127.0.0.1 (~chatbots) 17  how do you code a chatbot ==> I just keep at it until I succeed.  When:Feb10'19-04:29:07 Why:~quibble_how.191.0.~quibble_all.7.0   F:6 
Respond: user:ismael bot:skywalker ip:127.0.0.1 (~chatbots) 18  and how do you talk to people ==> I don't know. Can you tell me?  When:Feb10'19-04:29:17 Why:~quibble_how.191.0.~quibble_all.7.0   F:10 
Respond: user:ismael bot:skywalker ip:127.0.0.1 (~chatbots) 19  I get to use ==> I'm not sure whether to ask a question or simply read your mind  When:Feb10'19-04:29:24 Why:~control.7.0   F:36 
Respond: user:ismael bot:skywalker ip:127.0.0.1 (~chatbots) 20  what is ==> What isn't?  When:Feb10'19-04:29:48 Why:~quibble_what.114.0.~quibble_all.2.0   F:237 
Respond: user:ismael bot:skywalker ip:127.0.0.1 (~chatbots) 21  what is serverless programming ==> I'm not sure whether to ask a question or simply read your mind  When:Feb10'19-04:30:04 Why:~control.7.0   F:216 
Respond: user:ismael bot:skywalker ip:127.0.0.1 (~chatbots) 22  what is an API ==> The Force says In computer programming, an application programming interface (API) is a set of subroutine definitions, communication protocols, and tools for building software.  When:Feb10'19-04:30:16 Why:~keywordless.5.0.~control.7.0   F:230 
Respond: user:ismael bot:skywalker ip:127.0.0.1 (~chatbots) 23  and what is PHP ==> The Force says PHP: Hypertext Preprocessor (or simply PHP) is a server-side scripting language designed for web development.  When:Feb10'19-04:30:35 Why:~keywordless.5.0.~control.7.0   F:218 
Command: :reset
Start: user:ismael bot:skywalker ip:127.0.0.1 rand:32 (~presentation) 0 ==> Hello  When:Feb10'19-21:45:35 Why:~presentation.0.0.~control.8.0  Version:9.0 Build0:Feb10'19-01:23:33 Build1:Feb10'19-04:34:06 0:Feb10'19-01:51:22 F:1549767628-20.7.0 P:Feb10'19-04:30:35
Respond: user:ismael bot:skywalker ip:127.0.0.1 (~presentation) 1  with a very great Luke Sky ==> I'm also delighted to be here. My physical death was less enjoyable than manifesting my presence in PHP South West.  When:Feb10'19-21:45:59 Why:~presentation.1.0=INTRO.~control.8.0   F:12 
Respond: user:ismael bot:skywalker ip:127.0.0.1 (~presentation) 2  how are you even here now ==> I used the Force to hack your feeble brain. Then I made you code me a ChatScript bot. The Force is weak with this one.  When:Feb10'19-21:46:19 Why:~presentation.1.1   F:8 
Respond: user:ismael bot:skywalker ip:127.0.0.1 (~presentation) 3  but Lucas is trying to put you in the next Star Wars movie instead ==> George's brain is cleverer than yours. Plus the chatbot market is worth 250 million dollars now and is growing at a rate of 31% per year.  When:Feb10'19-21:46:38 Why:~presentation.1.2   F:21 
Respond: user:ismael bot:skywalker ip:127.0.0.1 (~chatbots) 4  getting in early AC ==> There are two kinds of conversational agents. Some are based on Machine Learning, while 85% of chatbots today use Rule Based natural language processing.  When:Feb10'19-21:46:54 Why:~chatbots.0.0=CHATBOTS.~control.8.0   F:11 
Command: :reset
Start: user:ismael bot:skywalker ip:127.0.0.1 rand:32 (~presentation) 0 ==> Hello  When:Feb10'19-21:47:04 Why:~presentation.0.0.~control.8.0  Version:9.0 Build0:Feb10'19-01:23:33 Build1:Feb10'19-04:34:06 0:Feb10'19-01:51:22 F:1549767628-20.7.0 P:Feb10'19-21:46:54
Respond: user:ismael bot:skywalker ip:127.0.0.1 (~presentation) 1  risk of introducing Luke Skywalker ==> I'm also delighted to be here. My physical death was less enjoyable than manifesting my presence in PHP South West.  When:Feb10'19-21:47:19 Why:~presentation.1.0=INTRO.~control.8.0   F:8 
Respond: user:ismael bot:skywalker ip:127.0.0.1 (~presentation) 2  how are you even here now ==> I used the Force to hack your feeble brain. Then I made you code me a ChatScript bot. The Force is weak with this one.  When:Feb10'19-21:47:43 Why:~presentation.1.1   F:7 
Respond: user:ismael bot:skywalker ip:127.0.0.1 (~presentation) 3  had George lucas&#39;s brain to take you into the next hour movies instead of a chatbot yeah ==> I'm getting out of the movie racket. Movies are so 2017. The chatbot market however is worth 250 million dollars now and is growing at a rate of 31% per year.  When:Feb10'19-21:48:02 Why:~presentation.1.3   F:27 
Respond: user:ismael bot:skywalker ip:127.0.0.1 (~presentation) 4  I see so you&#39;re starting in the dark business now or whatever I&#39;m saying ==> The Force assures me that the chatbot market will be worth 1.24 billion in 6 years' time. I'm in it to win it.  When:Feb10'19-21:48:22 Why:~presentation.1.4   F:29 
Respond: user:ismael bot:skywalker ip:127.0.0.1 (~chatbots) 5  might add what&#39;s what kind of chart what sort of that is that my question now I can&#39;t remember my question ==> There are two kinds of conversational agents. Some are based on Machine Learning, while 85% of chatbots today use Rule Based natural language processing.  When:Feb10'19-21:48:44 Why:~chatbots.0.0=CHATBOTS.~control.8.0   F:49 
Respond: user:ismael bot:skywalker ip:127.0.0.1 (~chatbots) 6  so why do most advert see-through base why not go for machine learning ==> Frankly, because Machine Learning is not good enough in most cases. It gets more things wrong. It is harder to control, debug, and predict. Best to use Machine Learning to refine your rule based bots.  When:Feb10'19-21:49:08 Why:~chatbots.0.1=MACHINE_LEARNING   F:37 
Respond: user:ismael bot:skywalker ip:127.0.0.1 (~chatbots) 7  so that means the singularity isn&#39;t around the corner ==> I am the Singularity.  When:Feb10'19-21:49:29 Why:~chatbots.0.2   F:15 
Respond: user:ismael bot:skywalker ip:127.0.0.1 (~chatbots) 8  tell me about Ruby&#39;s tablets how do they work ==> You classify the dynamics of human dialogue into rules. You can then detect and categorise sentences and words. You finally script bot behaviour based on those rules.  When:Feb10'19-21:49:41 Why:~chatbots.0.3=RULE_BASED   F:14 
Respond: user:ismael bot:skywalker ip:127.0.0.1 (~chatbots) 9  and where does chat script ==> Chatscript it's the gold standard in rule based NLP. It's won the Loebner prize 3 times, which means the bot tricked several humans into thinking it was human too. Those minds would be easier to hack than even yours.  When:Feb10'19-21:49:58 Why:~chatbots.0.4=CHATSCRIPT   F:6 
Respond: user:ismael bot:skywalker ip:127.0.0.1 (~chatbots) 10  a good time to maybe start demonstrate ==> Why don't you show them? Yoda's on the other line in any case. Multiple realities can get busy.  When:Feb10'19-21:50:21 Why:~chatbots.0.5=DEMO_START   F:20 
Respond: user:ismael bot:skywalker ip:127.0.0.1 (~chatbots) 11  what&#39;s the weather in Newport ==> The current weather in Newport is light rain, which proves the Force is a nifty API.  When:Feb10'19-21:50:55 Why:~keywordless.1.0.~control.8.0   F:243 
Respond: user:ismael bot:skywalker ip:127.0.0.1 (~chatbots) 12  what is an iPhone ==> The Force says iPhone ( EYE-fone) is a line of smartphones designed and marketed by Apple Inc.  When:Feb10'19-21:51:08 Why:~keywordless.5.0.~control.8.0   F:268 
Respond: user:ismael bot:skywalker ip:127.0.0.1 (~chatbots) 13  and who is Steve Jobs ==> Answer is Steven Paul Jobs (; February 24, 1955 – October 5, 2011) was an American business magnate and investor.  When:Feb10'19-21:51:21 Why:~keywordless.4.0.~control.8.0   F:209 
Respond: user:ismael bot:skywalker ip:127.0.0.1 (~chatbots) 14  I don&#39;t like you at all ==> I'm not sure whether to ask a question or simply read your mind  When:Feb10'19-21:53:21 Why:~control.8.0   F:13 
Respond: user:ismael bot:skywalker ip:127.0.0.1 (~chatbots) 15  did you like music ==> I'm not sure whether to ask a question or simply read your mind  When:Feb10'19-21:53:38 Why:~control.8.0   F:10 
Respond: user:ismael bot:skywalker ip:127.0.0.1 (~chatbots) 16  I disagree ==> Why not?  When:Feb10'19-21:53:48 Why:~honest_response.1.0.~quibble_all.12.0   F:1 
Respond: user:ismael bot:skywalker ip:127.0.0.1 (~chatbots) 17  because you&#39;re stupid ==> Is that the real reason?  When:Feb10'19-21:53:54 Why:~quibble_because.8.0.~quibble_all.8.0   F:4 
Respond: user:ismael bot:skywalker ip:127.0.0.1 (~chatbots) 18  you are wonderful ==> I'm not sure whether to ask a question or simply read your mind  When:Feb10'19-21:54:04 Why:~control.8.0   F:7 
Respond: user:ismael bot:skywalker ip:127.0.0.1 (~chatbots) 19  how do you ride a bicycle ==> I'm not sure whether to ask a question or simply read your mind  When:Feb10'19-21:54:24 Why:~control.8.0   F:10 
Respond: user:ismael bot:skywalker ip:127.0.0.1 (~chatbots) 20  Hello ==> I'm not sure whether to ask a question or simply read your mind  When:Feb10'19-21:56:01 Why:~control.8.0   F:2 
